<?xml version="1.0" encoding="UTF-8"?>
<coverage generated="1559896598">
  <project timestamp="1559896598">
    <package name="Linhchan\Imgur\Facades">
      <file name="/home/linh/Documents/composerws/linhchan/imgur/src/Facades/Imgur.php">
        <class name="Linhchan\Imgur\Facades\Imgur" namespace="Linhchan\Imgur\Facades">
          <metrics complexity="1" methods="1" coveredmethods="0" conditionals="0" coveredconditionals="0" statements="1" coveredstatements="0" elements="2" coveredelements="0"/>
        </class>
        <line num="13" type="method" name="getFacadeAccessor" visibility="protected" complexity="1" crap="2.00" count="0"/>
        <line num="15" type="stmt" count="0"/>
        <metrics loc="17" ncloc="12" classes="1" methods="1" coveredmethods="0" conditionals="0" coveredconditionals="0" statements="1" coveredstatements="0" elements="2" coveredelements="0"/>
      </file>
    </package>
    <package name="Linhchan\Imgur\Http\Controllers">
      <file name="/home/linh/Documents/composerws/linhchan/imgur/src/Http/Controllers/ImgurController.php">
        <class name="Linhchan\Imgur\Http\Controllers\ImgurController" namespace="Linhchan\Imgur\Http\Controllers">
          <metrics complexity="24" methods="19" coveredmethods="15" conditionals="0" coveredconditionals="0" statements="48" coveredstatements="36" elements="67" coveredelements="51"/>
        </class>
        <line num="21" type="method" name="__construct" visibility="public" complexity="1" crap="1" count="10"/>
        <line num="23" type="stmt" count="10"/>
        <line num="24" type="stmt" count="10"/>
        <line num="25" type="stmt" count="10"/>
        <line num="26" type="method" name="setSize" visibility="public" complexity="1" crap="2.00" count="0"/>
        <line num="28" type="stmt" count="0"/>
        <line num="29" type="stmt" count="0"/>
        <line num="36" type="method" name="version" visibility="public" complexity="1" crap="1" count="1"/>
        <line num="38" type="stmt" count="1"/>
        <line num="46" type="method" name="fileType" visibility="private" complexity="2" crap="2.15" count="10"/>
        <line num="48" type="stmt" count="10"/>
        <line num="49" type="stmt" count="0"/>
        <line num="51" type="stmt" count="10"/>
        <line num="59" type="method" name="setHeaders" visibility="public" complexity="1" crap="1" count="1"/>
        <line num="61" type="stmt" count="1"/>
        <line num="62" type="stmt" count="1"/>
        <line num="69" type="method" name="getHeaders" visibility="private" complexity="2" crap="2" count="10"/>
        <line num="71" type="stmt" count="10"/>
        <line num="74" type="stmt" count="10"/>
        <line num="75" type="stmt" count="10"/>
        <line num="79" type="stmt" count="1"/>
        <line num="87" type="method" name="setFormParams" visibility="public" complexity="1" crap="1" count="1"/>
        <line num="89" type="stmt" count="1"/>
        <line num="90" type="stmt" count="1"/>
        <line num="97" type="method" name="getFormParams" visibility="private" complexity="2" crap="2" count="10"/>
        <line num="99" type="stmt" count="10"/>
        <line num="102" type="stmt" count="10"/>
        <line num="106" type="stmt" count="1"/>
        <line num="108" type="method" name="setImage" visibility="private" complexity="1" crap="1" count="10"/>
        <line num="110" type="stmt" count="10"/>
        <line num="111" type="stmt" count="10"/>
        <line num="119" type="method" name="upload" visibility="public" complexity="1" crap="1" count="10"/>
        <line num="121" type="stmt" count="10"/>
        <line num="122" type="stmt" count="10"/>
        <line num="123" type="stmt" count="10"/>
        <line num="124" type="stmt" count="10"/>
        <line num="125" type="stmt" count="10"/>
        <line num="133" type="method" name="uploadImage" visibility="public" complexity="2" crap="6.00" count="0"/>
        <line num="135" type="stmt" count="0"/>
        <line num="136" type="stmt" count="0"/>
        <line num="137" type="stmt" count="0"/>
        <line num="139" type="stmt" count="0"/>
        <line num="146" type="method" name="link" visibility="public" complexity="1" crap="1" count="2"/>
        <line num="148" type="stmt" count="2"/>
        <line num="155" type="method" name="filesize" visibility="public" complexity="1" crap="1" count="2"/>
        <line num="157" type="stmt" count="2"/>
        <line num="164" type="method" name="type" visibility="public" complexity="1" crap="1" count="2"/>
        <line num="166" type="stmt" count="2"/>
        <line num="173" type="method" name="width" visibility="public" complexity="1" crap="1" count="2"/>
        <line num="175" type="stmt" count="2"/>
        <line num="182" type="method" name="height" visibility="public" complexity="1" crap="1" count="2"/>
        <line num="184" type="stmt" count="2"/>
        <line num="191" type="method" name="usual" visibility="public" complexity="1" crap="1" count="1"/>
        <line num="194" type="stmt" count="1"/>
        <line num="195" type="stmt" count="1"/>
        <line num="196" type="stmt" count="1"/>
        <line num="197" type="stmt" count="1"/>
        <line num="198" type="stmt" count="1"/>
        <line num="201" type="method" name="setResponse" visibility="private" complexity="1" crap="1" count="10"/>
        <line num="203" type="stmt" count="10"/>
        <line num="204" type="stmt" count="10"/>
        <line num="212" type="method" name="size" visibility="public" complexity="2" crap="6.00" count="0"/>
        <line num="214" type="stmt" count="0"/>
        <line num="215" type="stmt" count="0"/>
        <line num="217" type="stmt" count="0"/>
        <line num="218" type="stmt" count="0"/>
        <line num="219" type="stmt" count="0"/>
        <metrics loc="223" ncloc="142" classes="1" methods="19" coveredmethods="15" conditionals="0" coveredconditionals="0" statements="48" coveredstatements="36" elements="67" coveredelements="51"/>
      </file>
    </package>
    <package name="Linhchan\Imgur">
      <file name="/home/linh/Documents/composerws/linhchan/imgur/src/Providers/ImgurServiceProvider.php">
        <class name="Linhchan\Imgur\ImgurServiceProvider" namespace="Linhchan\Imgur">
          <metrics complexity="2" methods="2" coveredmethods="0" conditionals="0" coveredconditionals="0" statements="10" coveredstatements="0" elements="12" coveredelements="0"/>
        </class>
        <line num="15" type="method" name="register" visibility="public" complexity="1" crap="2.00" count="0"/>
        <line num="18" type="stmt" count="0"/>
        <line num="19" type="stmt" count="0"/>
        <line num="20" type="stmt" count="0"/>
        <line num="21" type="stmt" count="0"/>
        <line num="22" type="stmt" count="0"/>
        <line num="29" type="method" name="boot" visibility="public" complexity="1" crap="2.00" count="0"/>
        <line num="31" type="stmt" count="0"/>
        <line num="32" type="stmt" count="0"/>
        <line num="33" type="stmt" count="0"/>
        <line num="34" type="stmt" count="0"/>
        <line num="36" type="stmt" count="0"/>
        <metrics loc="37" ncloc="27" classes="1" methods="2" coveredmethods="0" conditionals="0" coveredconditionals="0" statements="10" coveredstatements="0" elements="12" coveredelements="0"/>
      </file>
    </package>
    <file name="/home/linh/Documents/composerws/linhchan/imgur/src/Routes/web.php">
      <line num="4" type="stmt" count="0"/>
      <metrics loc="4" ncloc="4" classes="0" methods="0" coveredmethods="0" conditionals="0" coveredconditionals="0" statements="1" coveredstatements="0" elements="1" coveredelements="0"/>
    </file>
    <metrics files="4" loc="281" ncloc="185" classes="3" methods="22" coveredmethods="15" conditionals="0" coveredconditionals="0" statements="60" coveredstatements="36" elements="82" coveredelements="51"/>
  </project>
</coverage>
